Using pre-set license
Built from '2021.3/staging' branch; Version is '2021.3.7f1 (24e8595d6d43) revision 2418777'; Using compiler version '192829333'; Build Type 'Release'
OS: 'Windows 10  (10.0.19043) 64bit Professional' Language: 'en' Physical Memory: 8066 MB
BatchMode: 1, IsHumanControllingUs: 0, StartBugReporterOnCrash: 0, Is64bit: 1, IsPro: 1

COMMAND LINE ARGUMENTS:
C:\Program Files\Unity\Hub\Editor\2021.3.7f1\Editor\Unity.exe
-adb2
-batchMode
-noUpm
-name
AssetImportWorker0
-projectPath
C:/Users/Administrator/Desktop/Maze
-logFile
Logs/AssetImportWorker0.log
-srvPort
54956
Successfully changed project path to: C:/Users/Administrator/Desktop/Maze
C:/Users/Administrator/Desktop/Maze
[UnityMemory] Configuration Parameters - Can be set up in boot.config
    "memorysetup-bucket-allocator-granularity=16"
    "memorysetup-bucket-allocator-bucket-count=8"
    "memorysetup-bucket-allocator-block-size=33554432"
    "memorysetup-bucket-allocator-block-count=8"
    "memorysetup-main-allocator-block-size=16777216"
    "memorysetup-thread-allocator-block-size=16777216"
    "memorysetup-gfx-main-allocator-block-size=16777216"
    "memorysetup-gfx-thread-allocator-block-size=16777216"
    "memorysetup-cache-allocator-block-size=4194304"
    "memorysetup-typetree-allocator-block-size=2097152"
    "memorysetup-profiler-bucket-allocator-granularity=16"
    "memorysetup-profiler-bucket-allocator-bucket-count=8"
    "memorysetup-profiler-bucket-allocator-block-size=33554432"
    "memorysetup-profiler-bucket-allocator-block-count=8"
    "memorysetup-profiler-allocator-block-size=16777216"
    "memorysetup-profiler-editor-allocator-block-size=1048576"
    "memorysetup-temp-allocator-size-main=16777216"
    "memorysetup-job-temp-allocator-block-size=2097152"
    "memorysetup-job-temp-allocator-block-size-background=1048576"
    "memorysetup-job-temp-allocator-reduction-small-platforms=262144"
    "memorysetup-temp-allocator-size-background-worker=32768"
    "memorysetup-temp-allocator-size-job-worker=262144"
    "memorysetup-temp-allocator-size-preload-manager=33554432"
    "memorysetup-temp-allocator-size-nav-mesh-worker=65536"
    "memorysetup-temp-allocator-size-audio-worker=65536"
    "memorysetup-temp-allocator-size-cloud-worker=32768"
    "memorysetup-temp-allocator-size-gi-baking-worker=262144"
    "memorysetup-temp-allocator-size-gfx=262144"
Refreshing native plugins compatible for Editor in 97.84 ms, found 0 plugins.
Preloading 0 native plugins for Editor in 0.00 ms.
Initialize engine version: 2021.3.7f1 (24e8595d6d43)
[Subsystems] Discovering subsystems at path C:/Program Files/Unity/Hub/Editor/2021.3.7f1/Editor/Data/Resources/UnitySubsystems
[Subsystems] Discovering subsystems at path C:/Users/Administrator/Desktop/Maze/Assets
GfxDevice: creating device client; threaded=0; jobified=0
Direct3D:
    Version:  Direct3D 11.0 [level 11.1]
    Renderer: Intel(R) HD Graphics 620 (ID=0x5916)
    Vendor:   Intel
    VRAM:     4033 MB
    Driver:   31.0.101.1999
Initialize mono
Mono path[0] = 'C:/Program Files/Unity/Hub/Editor/2021.3.7f1/Editor/Data/Managed'
Mono path[1] = 'C:/Program Files/Unity/Hub/Editor/2021.3.7f1/Editor/Data/MonoBleedingEdge/lib/mono/unityjit-win32'
Mono config path = 'C:/Program Files/Unity/Hub/Editor/2021.3.7f1/Editor/Data/MonoBleedingEdge/etc'
Using monoOptions --debugger-agent=transport=dt_socket,embedding=1,server=y,suspend=n,address=127.0.0.1:56212
Begin MonoManager ReloadAssembly
Registering precompiled unity dll's ...
Register platform support module: C:/Program Files/Unity/Hub/Editor/2021.3.7f1/Editor/Data/PlaybackEngines/WebGLSupport/UnityEditor.WebGL.Extensions.dll
Register platform support module: C:/Program Files/Unity/Hub/Editor/2021.3.7f1/Editor/Data/PlaybackEngines/WindowsStandaloneSupport/UnityEditor.WindowsStandalone.Extensions.dll
Registered in 0.005423 seconds.
Native extension for WindowsStandalone target not found
Native extension for WebGL target not found
Refreshing native plugins compatible for Editor in 80.23 ms, found 0 plugins.
Preloading 0 native plugins for Editor in 0.00 ms.
Mono: successfully reloaded assembly
- Completed reload, in  0.812 seconds
Domain Reload Profiling:
	ReloadAssembly (813ms)
		BeginReloadAssembly (79ms)
			ExecutionOrderSort (0ms)
			DisableScriptedObjects (0ms)
			BackupInstance (0ms)
			ReleaseScriptingObjects (0ms)
			CreateAndSetChildDomain (1ms)
		EndReloadAssembly (607ms)
			LoadAssemblies (77ms)
			RebuildTransferFunctionScriptingTraits (0ms)
			SetupTypeCache (142ms)
			ReleaseScriptCaches (0ms)
			RebuildScriptCaches (51ms)
			SetupLoadedEditorAssemblies (340ms)
				LogAssemblyErrors (0ms)
				InitializePlatformSupportModulesInManaged (10ms)
				SetLoadedEditorAssemblies (0ms)
				RefreshPlugins (80ms)
				BeforeProcessingInitializeOnLoad (2ms)
				ProcessInitializeOnLoadAttributes (192ms)
				ProcessInitializeOnLoadMethodAttributes (56ms)
				AfterProcessingInitializeOnLoad (0ms)
				EditorAssembliesLoaded (0ms)
			ExecutionOrderSort2 (0ms)
			AwakeInstancesAfterBackupRestoration (0ms)
Platform modules already initialized, skipping
Registering precompiled user dll's ...
Registered in 0.005222 seconds.
Begin MonoManager ReloadAssembly
Native extension for WindowsStandalone target not found
Native extension for WebGL target not found
Refreshing native plugins compatible for Editor in 1.59 ms, found 0 plugins.
Preloading 0 native plugins for Editor in 0.00 ms.
Package Manager log level set to [2]
Mono: successfully reloaded assembly
- Completed reload, in  1.105 seconds
Domain Reload Profiling:
	ReloadAssembly (1107ms)
		BeginReloadAssembly (123ms)
			ExecutionOrderSort (0ms)
			DisableScriptedObjects (7ms)
			BackupInstance (0ms)
			ReleaseScriptingObjects (0ms)
			CreateAndSetChildDomain (21ms)
		EndReloadAssembly (831ms)
			LoadAssemblies (79ms)
			RebuildTransferFunctionScriptingTraits (0ms)
			SetupTypeCache (182ms)
			ReleaseScriptCaches (0ms)
			RebuildScriptCaches (56ms)
			SetupLoadedEditorAssemblies (444ms)
				LogAssemblyErrors (0ms)
				InitializePlatformSupportModulesInManaged (8ms)
				SetLoadedEditorAssemblies (1ms)
				RefreshPlugins (2ms)
				BeforeProcessingInitializeOnLoad (79ms)
				ProcessInitializeOnLoadAttributes (190ms)
				ProcessInitializeOnLoadMethodAttributes (157ms)
				AfterProcessingInitializeOnLoad (8ms)
				EditorAssembliesLoaded (0ms)
			ExecutionOrderSort2 (0ms)
			AwakeInstancesAfterBackupRestoration (9ms)
Platform modules already initialized, skipping
========================================================================
Worker process is ready to serve import requests
Launched and connected shader compiler UnityShaderCompiler.exe after 0.06 seconds
Refreshing native plugins compatible for Editor in 1.47 ms, found 0 plugins.
Preloading 0 native plugins for Editor in 0.00 ms.
Unloading 2112 Unused Serialized files (Serialized files now loaded: 0)
Unloading 185 unused Assets / (65.0 KB). Loaded Objects now: 2459.
Memory consumption went from 90.2 MB to 90.2 MB.
Total: 6.650300 ms (FindLiveObjects: 0.203100 ms CreateObjectMapping: 0.108800 ms MarkObjects: 6.142800 ms  DeleteObjects: 0.194400 ms)

AssetImportParameters requested are different than current active one (requested -> active):
  custom:video-decoder-ogg-theora: a1e56fd34408186e4bbccfd4996cb3dc -> 
  custom:container-muxer-webm: aa71ff27fc2769a1b78a27578f13a17b -> 
  custom:container-demuxer-webm: 4f35f7cbe854078d1ac9338744f61a02 -> 
  custom:video-encoder-webm-vp8: eb34c28f22e8b96e1ab97ce403110664 -> 
  custom:audio-encoder-webm-vorbis: bf7c407c2cedff20999df2af8eb42d56 -> 
  custom:framework-win-MediaFoundation: 216162199b28c13a410421893ffa2e32 -> 
  custom:container-demuxer-ogg: 62fdf1f143b41e24485cea50d1cbac27 -> 
  custom:video-decoder-webm-vp8: 9c59270c3fd7afecdb556c50c9e8de78 -> 
  custom:audio-decoder-ogg-vorbis: bf7c407c2cedff20999df2af8eb42d56 -> 
========================================================================
Received Import Request.
  Time since last request: 128906.351578 seconds.
  path: Assets/Android_Update/0.1
  artifactKey: Guid(9a0b26878799f8c40a4883832c080a39) Importer(815301076,1909f56bfc062723c751e8b465ee728b)
Start importing Assets/Android_Update/0.1 using Guid(9a0b26878799f8c40a4883832c080a39) Importer(815301076,1909f56bfc062723c751e8b465ee728b)  -> (artifact id: '6bf47fb736c4b46562738c799294011e') in 0.014374 seconds 
========================================================================
Received Import Request.
  Time since last request: 2.893360 seconds.
  path: Assets/Android_Update/0.1/Graphics
  artifactKey: Guid(e9450bfd342df454d8bb82431b50cd89) Importer(815301076,1909f56bfc062723c751e8b465ee728b)
Start importing Assets/Android_Update/0.1/Graphics using Guid(e9450bfd342df454d8bb82431b50cd89) Importer(815301076,1909f56bfc062723c751e8b465ee728b)  -> (artifact id: '5d06ec13208020e1d1c6c2c122e8deae') in 0.012287 seconds 
========================================================================
Received Import Request.
  Time since last request: 0.986483 seconds.
  path: Assets/Android_Update/0.1/Graphics/Buttong Empty
  artifactKey: Guid(09dd5cd649ed2c14ab2d2a44e61fd225) Importer(815301076,1909f56bfc062723c751e8b465ee728b)
Start importing Assets/Android_Update/0.1/Graphics/Buttong Empty using Guid(09dd5cd649ed2c14ab2d2a44e61fd225) Importer(815301076,1909f56bfc062723c751e8b465ee728b)  -> (artifact id: 'a7d209e61e23a901cbf499db19841169') in 0.002539 seconds 
========================================================================
Received Import Request.
  Time since last request: 15.978136 seconds.
  path: Assets/Android_Update/0.1/LevelInstitater.cs
  artifactKey: Guid(ddfa46ca3ba26144d93e7159451a9a30) Importer(815301076,1909f56bfc062723c751e8b465ee728b)
Start importing Assets/Android_Update/0.1/LevelInstitater.cs using Guid(ddfa46ca3ba26144d93e7159451a9a30) Importer(815301076,1909f56bfc062723c751e8b465ee728b)  -> (artifact id: '2bbb7aa42a27ffedef56b454a65bb60e') in 0.031438 seconds 
========================================================================
Received Import Request.
  Time since last request: 0.311010 seconds.
  path: Assets/Android_Update/0.1/Level.cs
  artifactKey: Guid(8d21b7f107703bf4e91c395bc235fa18) Importer(815301076,1909f56bfc062723c751e8b465ee728b)
Start importing Assets/Android_Update/0.1/Level.cs using Guid(8d21b7f107703bf4e91c395bc235fa18) Importer(815301076,1909f56bfc062723c751e8b465ee728b)  -> (artifact id: '41814accd79f34c9bba42c218ffbd576') in 0.002563 seconds 
========================================================================
Received Import Request.
  Time since last request: 13.495445 seconds.
  path: Assets/Prefabs/Moss.prefab
  artifactKey: Guid(d24189c3f7e30a8438ef45490b973639) Importer(815301076,1909f56bfc062723c751e8b465ee728b)
Start importing Assets/Prefabs/Moss.prefab using Guid(d24189c3f7e30a8438ef45490b973639) Importer(815301076,1909f56bfc062723c751e8b465ee728b)  -> (artifact id: '7b6661fbb112a9ac22edd684d2600a0b') in 0.155975 seconds 
========================================================================
Received Import Request.
  Time since last request: 1.228509 seconds.
  path: Assets/Prefabs/Coins.prefab
  artifactKey: Guid(da8cc2c669c52534aa05820bef4c82a0) Importer(815301076,1909f56bfc062723c751e8b465ee728b)
Start importing Assets/Prefabs/Coins.prefab using Guid(da8cc2c669c52534aa05820bef4c82a0) Importer(815301076,1909f56bfc062723c751e8b465ee728b)  -> (artifact id: '0bec4d2dfa03548dedd9830ddf5b229c') in 0.010854 seconds 
========================================================================
Received Import Request.
  Time since last request: 21.320889 seconds.
  path: Assets/Animations/WalkUp.anim
  artifactKey: Guid(fb104221016d76b449333528df6820fc) Importer(815301076,1909f56bfc062723c751e8b465ee728b)
Start importing Assets/Animations/WalkUp.anim using Guid(fb104221016d76b449333528df6820fc) Importer(815301076,1909f56bfc062723c751e8b465ee728b)  -> (artifact id: 'be7f16853f876a4fd4784e7ab2f485ba') in 0.004191 seconds 
========================================================================
Received Import Request.
  Time since last request: 0.480646 seconds.
  path: Assets/Animations/WalkRight.anim
  artifactKey: Guid(526584faa6da2db47bbf0157efc5f22f) Importer(815301076,1909f56bfc062723c751e8b465ee728b)
Start importing Assets/Animations/WalkRight.anim using Guid(526584faa6da2db47bbf0157efc5f22f) Importer(815301076,1909f56bfc062723c751e8b465ee728b)  -> (artifact id: 'f681631a1ff54f22390efc319fbe8c2a') in 0.002262 seconds 
========================================================================
Received Import Request.
  Time since last request: 21.654985 seconds.
  path: Assets/PlayerNewModel/Right Movement
  artifactKey: Guid(0851ccb299ebc33468f5ef4365f970cc) Importer(815301076,1909f56bfc062723c751e8b465ee728b)
Start importing Assets/PlayerNewModel/Right Movement using Guid(0851ccb299ebc33468f5ef4365f970cc) Importer(815301076,1909f56bfc062723c751e8b465ee728b)  -> (artifact id: '25dbcd412c6b2b7eaea506a98b9c78d9') in 0.002632 seconds 
========================================================================
Received Import Request.
  Time since last request: 8.696618 seconds.
  path: Assets/Plugins/Demigiant
  artifactKey: Guid(0e5de58fccb4b084fbc183d1e74bd681) Importer(815301076,1909f56bfc062723c751e8b465ee728b)
Start importing Assets/Plugins/Demigiant using Guid(0e5de58fccb4b084fbc183d1e74bd681) Importer(815301076,1909f56bfc062723c751e8b465ee728b)  -> (artifact id: '984aa4d4cbb54d594f25ebd4fcb1c77a') in 0.002820 seconds 
========================================================================
Received Import Request.
  Time since last request: 1.404336 seconds.
  path: Assets/Plugins/Android
  artifactKey: Guid(03a1513c790b24c4a864ee1c5ef34140) Importer(815301076,1909f56bfc062723c751e8b465ee728b)
Start importing Assets/Plugins/Android using Guid(03a1513c790b24c4a864ee1c5ef34140) Importer(815301076,1909f56bfc062723c751e8b465ee728b)  -> (artifact id: '69f39c6582556ca31ce4b2d2a22a6a13') in 0.002065 seconds 
========================================================================
Received Import Request.
  Time since last request: 11.403360 seconds.
  path: Assets/Resources/Yodo1
  artifactKey: Guid(70ab9c335627db64794ad7c25eec516e) Importer(815301076,1909f56bfc062723c751e8b465ee728b)
Start importing Assets/Resources/Yodo1 using Guid(70ab9c335627db64794ad7c25eec516e) Importer(815301076,1909f56bfc062723c751e8b465ee728b)  -> (artifact id: '76293eaa40156123f40201aeaa12e658') in 0.002057 seconds 
========================================================================
Received Import Request.
  Time since last request: 44.254185 seconds.
  path: Assets/Android_Update/0.1/Animations
  artifactKey: Guid(14be4cca4b472f74996b4d2b72ef5a68) Importer(815301076,1909f56bfc062723c751e8b465ee728b)
Start importing Assets/Android_Update/0.1/Animations using Guid(14be4cca4b472f74996b4d2b72ef5a68) Importer(815301076,1909f56bfc062723c751e8b465ee728b)  -> (artifact id: '3c163b3a1d34c55fc2cba25180502a27') in 0.002971 seconds 
========================================================================
Received Import Request.
  Time since last request: 0.857878 seconds.
  path: Assets/Android_Update/0.1/Animations/MainMenu
  artifactKey: Guid(bf624fd64221920449f83d972fa9f431) Importer(815301076,1909f56bfc062723c751e8b465ee728b)
Start importing Assets/Android_Update/0.1/Animations/MainMenu using Guid(bf624fd64221920449f83d972fa9f431) Importer(815301076,1909f56bfc062723c751e8b465ee728b)  -> (artifact id: 'e5ee647fd65c4d38f5c6ad65e079119b') in 0.003463 seconds 
========================================================================
Received Prepare
Registering precompiled user dll's ...
Registered in 0.004660 seconds.
Begin MonoManager ReloadAssembly
Native extension for WindowsStandalone target not found
Native extension for WebGL target not found
Refreshing native plugins compatible for Editor in 1.60 ms, found 0 plugins.
Preloading 0 native plugins for Editor in 0.00 ms.
Mono: successfully reloaded assembly
- Completed reload, in  1.494 seconds
Domain Reload Profiling:
	ReloadAssembly (1495ms)
		BeginReloadAssembly (161ms)
			ExecutionOrderSort (0ms)
			DisableScriptedObjects (13ms)
			BackupInstance (0ms)
			ReleaseScriptingObjects (0ms)
			CreateAndSetChildDomain (41ms)
		EndReloadAssembly (1194ms)
			LoadAssemblies (90ms)
			RebuildTransferFunctionScriptingTraits (0ms)
			SetupTypeCache (261ms)
			ReleaseScriptCaches (1ms)
			RebuildScriptCaches (79ms)
			SetupLoadedEditorAssemblies (679ms)
				LogAssemblyErrors (0ms)
				InitializePlatformSupportModulesInManaged (26ms)
				SetLoadedEditorAssemblies (1ms)
				RefreshPlugins (2ms)
				BeforeProcessingInitializeOnLoad (244ms)
				ProcessInitializeOnLoadAttributes (218ms)
				ProcessInitializeOnLoadMethodAttributes (180ms)
				AfterProcessingInitializeOnLoad (9ms)
				EditorAssembliesLoaded (0ms)
			ExecutionOrderSort2 (0ms)
			AwakeInstancesAfterBackupRestoration (8ms)
Platform modules already initialized, skipping
Refreshing native plugins compatible for Editor in 9.19 ms, found 0 plugins.
Preloading 0 native plugins for Editor in 0.00 ms.
Unloading 1959 Unused Serialized files (Serialized files now loaded: 0)
Unloading 27 unused Assets / (32.5 KB). Loaded Objects now: 2468.
Memory consumption went from 89.9 MB to 89.9 MB.
Total: 11.007900 ms (FindLiveObjects: 0.266800 ms CreateObjectMapping: 0.153800 ms MarkObjects: 10.554900 ms  DeleteObjects: 0.031300 ms)

AssetImportParameters requested are different than current active one (requested -> active):
  custom:video-decoder-ogg-theora: a1e56fd34408186e4bbccfd4996cb3dc -> 
  custom:container-muxer-webm: aa71ff27fc2769a1b78a27578f13a17b -> 
  custom:container-demuxer-webm: 4f35f7cbe854078d1ac9338744f61a02 -> 
  custom:video-encoder-webm-vp8: eb34c28f22e8b96e1ab97ce403110664 -> 
  custom:audio-encoder-webm-vorbis: bf7c407c2cedff20999df2af8eb42d56 -> 
  custom:framework-win-MediaFoundation: 216162199b28c13a410421893ffa2e32 -> 
  custom:container-demuxer-ogg: 62fdf1f143b41e24485cea50d1cbac27 -> 
  custom:video-decoder-webm-vp8: 9c59270c3fd7afecdb556c50c9e8de78 -> 
  custom:audio-decoder-ogg-vorbis: bf7c407c2cedff20999df2af8eb42d56 -> 
